app/build/intermediates/manifest_merge_blame_file/debug/processDebugMainManifest/manifest-merger-blame-debug-report.txt
1<?xml version="1.0" encoding="utf-8"?>
2<manifest xmlns:android="http://schemas.android.com/apk/res/android"
3    package="com.bankpoker.app"
4    android:versionCode="1"
5    android:versionName="1.0" >
6
7    <uses-sdk
8        android:minSdkVersion="24"
9        android:targetSdkVersion="35" />
10
11    <uses-permission android:name="android.permission.INTERNET" />
11-->src\main\AndroidManifest.xml:5:5-67
11-->src\main\AndroidManifest.xml:5:22-64
12
13    <permission
13-->[androidx.core:core:1.16.0] AndroidManifest.xml:22:5-24:47
14        android:name="com.bankpoker.app.DYNAMIC_RECEIVER_NOT_EXPORTED_PERMISSION"
14-->[androidx.core:core:1.16.0] AndroidManifest.xml:23:9-81
15        android:protectionLevel="signature" />
15-->[androidx.core:core:1.16.0] AndroidManifest.xml:24:9-44
16
17    <uses-permission android:name="com.bankpoker.app.DYNAMIC_RECEIVER_NOT_EXPORTED_PERMISSION" />
17-->[androidx.core:core:1.16.0] AndroidManifest.xml:26:5-97
17-->[androidx.core:core:1.16.0] AndroidManifest.xml:26:22-94
18
19    <application
19-->src\main\AndroidManifest.xml:7:5-27:19
20        android:allowBackup="true"
20-->src\main\AndroidManifest.xml:8:9-35
21        android:appComponentFactory="androidx.core.app.CoreComponentFactory"
21-->[androidx.core:core:1.16.0] AndroidManifest.xml:28:18-86
22        android:dataExtractionRules="@xml/data_extraction_rules"
22-->src\main\AndroidManifest.xml:9:9-65
23        android:debuggable="true"
24        android:extractNativeLibs="false"
25        android:fullBackupContent="@xml/backup_rules"
25-->src\main\AndroidManifest.xml:10:9-54
26        android:icon="@mipmap/ic_launcher"
26-->src\main\AndroidManifest.xml:11:9-43
27        android:label="@string/app_name"
27-->src\main\AndroidManifest.xml:12:9-41
28        android:roundIcon="@mipmap/ic_launcher_round"
28-->src\main\AndroidManifest.xml:13:9-54
29        android:supportsRtl="true"
29-->src\main\AndroidManifest.xml:14:9-35
30        android:testOnly="true"
31        android:theme="@android:style/Theme.Material.NoActionBar"
31-->src\main\AndroidManifest.xml:16:9-66
32        android:usesCleartextTraffic="true" >
32-->src\main\AndroidManifest.xml:15:9-44
33        <activity
33-->src\main\AndroidManifest.xml:18:9-26:20
34            android:name="com.bankpoker.app.MainActivity"
34-->src\main\AndroidManifest.xml:19:13-41
35            android:exported="true"
35-->src\main\AndroidManifest.xml:20:13-36
36            android:theme="@android:style/Theme.Material.NoActionBar" >
36-->src\main\AndroidManifest.xml:21:13-70
37            <intent-filter>
37-->src\main\AndroidManifest.xml:22:13-25:29
38                <action android:name="android.intent.action.MAIN" />
38-->src\main\AndroidManifest.xml:23:17-69
38-->src\main\AndroidManifest.xml:23:25-66
39
40                <category android:name="android.intent.category.LAUNCHER" />
40-->src\main\AndroidManifest.xml:24:17-77
40-->src\main\AndroidManifest.xml:24:27-74
41            </intent-filter>
42        </activity>
43        <activity
43-->[androidx.compose.ui:ui-tooling-android:1.11.4] AndroidManifest.xml:23:9-25:39
44            android:name="androidx.compose.ui.tooling.PreviewActivity"
44-->[androidx.compose.ui:ui-tooling-android:1.11.4] AndroidManifest.xml:24:13-71
45            android:exported="true" />
45-->[androidx.compose.ui:ui-tooling-android:1.11.4] AndroidManifest.xml:25:13-36
46
47        <provider
47-->[androidx.emoji2:emoji2:1.4.0] AndroidManifest.xml:24:9-32:20
48            android:name="androidx.startup.InitializationProvider"
48-->[androidx.emoji2:emoji2:1.4.0] AndroidManifest.xml:25:13-67
49            android:authorities="com.bankpoker.app.androidx-startup"
49-->[androidx.emoji2:emoji2:1.4.0] AndroidManifest.xml:26:13-68
50            android:exported="false" >
50-->[androidx.emoji2:emoji2:1.4.0] AndroidManifest.xml:27:13-37
51            <meta-data
51-->[androidx.emoji2:emoji2:1.4.0] AndroidManifest.xml:29:13-31:52
52                android:name="androidx.emoji2.text.EmojiCompatInitializer"
52-->[androidx.emoji2:emoji2:1.4.0] AndroidManifest.xml:30:17-75
53                android:value="androidx.startup" />
53-->[androidx.emoji2:emoji2:1.4.0] AndroidManifest.xml:31:17-49
54            <meta-data
54-->[androidx.lifecycle:lifecycle-process:2.9.4] AndroidManifest.xml:29:13-31:52
55                android:name="androidx.lifecycle.ProcessLifecycleInitializer"
55-->[androidx.lifecycle:lifecycle-process:2.9.4] AndroidManifest.xml:30:17-78
56                android:value="androidx.startup" />
56-->[androidx.lifecycle:lifecycle-process:2.9.4] AndroidManifest.xml:31:17-49
57            <meta-data
57-->[androidx.profileinstaller:profileinstaller:1.4.0] AndroidManifest.xml:29:13-31:52
58                android:name="androidx.profileinstaller.ProfileInstallerInitializer"
58-->[androidx.profileinstaller:profileinstaller:1.4.0] AndroidManifest.xml:30:17-85
59                android:value="androidx.startup" />
59-->[androidx.profileinstaller:profileinstaller:1.4.0] AndroidManifest.xml:31:17-49
60        </provider>
61
62        <uses-library
62-->[androidx.window:window:1.5.0] AndroidManifest.xml:23:9-25:40
63            android:name="androidx.window.extensions"
63-->[androidx.window:window:1.5.0] AndroidManifest.xml:24:13-54
64            android:required="false" />
64-->[androidx.window:window:1.5.0] AndroidManifest.xml:25:13-37
65        <uses-library
65-->[androidx.window:window:1.5.0] AndroidManifest.xml:26:9-28:40
66            android:name="androidx.window.sidecar"
66-->[androidx.window:window:1.5.0] AndroidManifest.xml:27:13-51
67            android:required="false" />
67-->[androidx.window:window:1.5.0] AndroidManifest.xml:28:13-37
68
69        <activity
69-->[androidx.compose.ui:ui-test-manifest:1.11.4] AndroidManifest.xml:23:9-26:79
70            android:name="androidx.activity.ComponentActivity"
70-->[androidx.compose.ui:ui-test-manifest:1.11.4] AndroidManifest.xml:24:13-63
71            android:exported="true"
71-->[androidx.compose.ui:ui-test-manifest:1.11.4] AndroidManifest.xml:25:13-36
72            android:theme="@android:style/Theme.Material.Light.NoActionBar" />
72-->[androidx.compose.ui:ui-test-manifest:1.11.4] AndroidManifest.xml:26:13-76
73
74        <service
74-->[androidx.room:room-runtime:2.6.1] AndroidManifest.xml:24:9-28:63
75            android:name="androidx.room.MultiInstanceInvalidationService"
75-->[androidx.room:room-runtime:2.6.1] AndroidManifest.xml:25:13-74
76            android:directBootAware="true"
76-->[androidx.room:room-runtime:2.6.1] AndroidManifest.xml:26:13-43
77            android:exported="false" />
77-->[androidx.room:room-runtime:2.6.1] AndroidManifest.xml:27:13-37
78
79        <receiver
79-->[androidx.profileinstaller:profileinstaller:1.4.0] AndroidManifest.xml:34:9-52:20
80            android:name="androidx.profileinstaller.ProfileInstallReceiver"
80-->[androidx.profileinstaller:profileinstaller:1.4.0] AndroidManifest.xml:35:13-76
81            android:directBootAware="false"
81-->[androidx.profileinstaller:profileinstaller:1.4.0] AndroidManifest.xml:36:13-44
82            android:enabled="true"
82-->[androidx.profileinstaller:profileinstaller:1.4.0] AndroidManifest.xml:37:13-35
83            android:exported="true"
83-->[androidx.profileinstaller:profileinstaller:1.4.0] AndroidManifest.xml:38:13-36
84            android:permission="android.permission.DUMP" >
84-->[androidx.profileinstaller:profileinstaller:1.4.0] AndroidManifest.xml:39:13-57
85            <intent-filter>
85-->[androidx.profileinstaller:profileinstaller:1.4.0] AndroidManifest.xml:40:13-42:29
86                <action android:name="androidx.profileinstaller.action.INSTALL_PROFILE" />
86-->[androidx.profileinstaller:profileinstaller:1.4.0] AndroidManifest.xml:41:17-91
86-->[androidx.profileinstaller:profileinstaller:1.4.0] AndroidManifest.xml:41:25-88
87            </intent-filter>
88            <intent-filter>
88-->[androidx.profileinstaller:profileinstaller:1.4.0] AndroidManifest.xml:43:13-45:29
89                <action android:name="androidx.profileinstaller.action.SKIP_FILE" />
89-->[androidx.profileinstaller:profileinstaller:1.4.0] AndroidManifest.xml:44:17-85
89-->[androidx.profileinstaller:profileinstaller:1.4.0] AndroidManifest.xml:44:25-82
90            </intent-filter>
91            <intent-filter>
91-->[androidx.profileinstaller:profileinstaller:1.4.0] AndroidManifest.xml:46:13-48:29
92                <action android:name="androidx.profileinstaller.action.SAVE_PROFILE" />
92-->[androidx.profileinstaller:profileinstaller:1.4.0] AndroidManifest.xml:47:17-88
92-->[androidx.profileinstaller:profileinstaller:1.4.0] AndroidManifest.xml:47:25-85
93            </intent-filter>
94            <intent-filter>
94-->[androidx.profileinstaller:profileinstaller:1.4.0] AndroidManifest.xml:49:13-51:29
95                <action android:name="androidx.profileinstaller.action.BENCHMARK_OPERATION" />
95-->[androidx.profileinstaller:profileinstaller:1.4.0] AndroidManifest.xml:50:17-95
95-->[androidx.profileinstaller:profileinstaller:1.4.0] AndroidManifest.xml:50:25-92
96            </intent-filter>
97        </receiver>
98    </application>
99
100</manifest>